S 00600aa0,1
set_index : 0	tag : 30055
 miss
S 7ff000398,8
set_index : 3	tag : 3ff8001c
 miss
S 7ff000390,8
set_index : 2	tag : 3ff8001c
 miss
S 7ff000378,8
set_index : 3	tag : 3ff8001b
 missindex 0	lru: 1

S 7ff000370,8
set_index : 2	tag : 3ff8001b
 missindex 0	lru: 1

S 7ff000384,4
set_index : 0	tag : 3ff8001c
 missindex 0	lru: 1

L 7ff000384,4
set_index : 0	tag : 3ff8001c
 hit
S 7ff000388,4
set_index : 1	tag : 3ff8001c
 miss
L 7ff000388,4
set_index : 1	tag : 3ff8001c
 hit
L 7ff000384,4
set_index : 0	tag : 3ff8001c
 hit
L 7ff000378,8
set_index : 3	tag : 3ff8001b
 hit
L 7ff000388,4
set_index : 1	tag : 3ff8001c
 hit
L 00600a20,4
set_index : 0	tag : 30051
 missindex 0	lru: 4
index 1	lru: 1
 eviction
S 7ff00038c,4
set_index : 1	tag : 3ff8001c
 hit
L 7ff000388,4
set_index : 1	tag : 3ff8001c
 hit
L 7ff000370,8
set_index : 2	tag : 3ff8001b
 hit
L 7ff000384,4
set_index : 0	tag : 3ff8001c
 hit
L 7ff00038c,4
set_index : 1	tag : 3ff8001c
 hit
S 00600a60,4
set_index : 0	tag : 30053
 missindex 0	lru: 2
index 1	lru: 1
 eviction
M 7ff000388,4
set_index : 1	tag : 3ff8001c
 hit
set_index : 1	tag : 3ff8001c
 hit
L 7ff000388,4
set_index : 1	tag : 3ff8001c
 hit
L 7ff000384,4
set_index : 0	tag : 3ff8001c
 hit
L 7ff000378,8
set_index : 3	tag : 3ff8001b
 hit
L 7ff000388,4
set_index : 1	tag : 3ff8001c
 hit
L 00600a24,4
set_index : 0	tag : 30051
 missindex 0	lru: 2
index 1	lru: 1
 eviction
S 7ff00038c,4
set_index : 1	tag : 3ff8001c
 hit
L 7ff000388,4
set_index : 1	tag : 3ff8001c
 hit
L 7ff000370,8
set_index : 2	tag : 3ff8001b
 hit
L 7ff000384,4
set_index : 0	tag : 3ff8001c
 hit
L 7ff00038c,4
set_index : 1	tag : 3ff8001c
 hit
S 00600a70,4
set_index : 2	tag : 30053
 missindex 0	lru: 4
index 1	lru: 1
 eviction
M 7ff000388,4
set_index : 1	tag : 3ff8001c
 hit
set_index : 1	tag : 3ff8001c
 hit
L 7ff000388,4
set_index : 1	tag : 3ff8001c
 hit
L 7ff000384,4
set_index : 0	tag : 3ff8001c
 hit
L 7ff000378,8
set_index : 3	tag : 3ff8001b
 hit
L 7ff000388,4
set_index : 1	tag : 3ff8001c
 hit
L 00600a28,4
set_index : 1	tag : 30051
 missindex 0	lru: 1

S 7ff00038c,4
set_index : 1	tag : 3ff8001c
 hit
L 7ff000388,4
set_index : 1	tag : 3ff8001c
 hit
L 7ff000370,8
set_index : 2	tag : 3ff8001b
 hit
L 7ff000384,4
set_index : 0	tag : 3ff8001c
 hit
L 7ff00038c,4
set_index : 1	tag : 3ff8001c
 hit
S 00600a80,4
set_index : 0	tag : 30054
 missindex 0	lru: 4
index 1	lru: 1
 eviction
M 7ff000388,4
set_index : 1	tag : 3ff8001c
 hit
set_index : 1	tag : 3ff8001c
 hit
L 7ff000388,4
set_index : 1	tag : 3ff8001c
 hit
L 7ff000384,4
set_index : 0	tag : 3ff8001c
 hit
L 7ff000378,8
set_index : 3	tag : 3ff8001b
 hit
L 7ff000388,4
set_index : 1	tag : 3ff8001c
 hit
L 00600a2c,4
set_index : 1	tag : 30051
 hit
S 7ff00038c,4
set_index : 1	tag : 3ff8001c
 hit
L 7ff000388,4
set_index : 1	tag : 3ff8001c
 hit
L 7ff000370,8
set_index : 2	tag : 3ff8001b
 hit
L 7ff000384,4
set_index : 0	tag : 3ff8001c
 hit
L 7ff00038c,4
set_index : 1	tag : 3ff8001c
 hit
S 00600a90,4
set_index : 2	tag : 30054
 missindex 0	lru: 3
index 1	lru: 1
 eviction
M 7ff000388,4
set_index : 1	tag : 3ff8001c
 hit
set_index : 1	tag : 3ff8001c
 hit
L 7ff000388,4
set_index : 1	tag : 3ff8001c
 hit
M 7ff000384,4
set_index : 0	tag : 3ff8001c
 hit
set_index : 0	tag : 3ff8001c
 hit
L 7ff000384,4
set_index : 0	tag : 3ff8001c
 hit
S 7ff000388,4
set_index : 1	tag : 3ff8001c
 hit
L 7ff000388,4
set_index : 1	tag : 3ff8001c
 hit
L 7ff000384,4
set_index : 0	tag : 3ff8001c
 hit
L 7ff000378,8
set_index : 3	tag : 3ff8001b
 hit
L 7ff000388,4
set_index : 1	tag : 3ff8001c
 hit
L 00600a30,4
set_index : 2	tag : 30051
 missindex 0	lru: 1
index 1	lru: 2
 eviction
S 7ff00038c,4
set_index : 1	tag : 3ff8001c
 hit
L 7ff000388,4
set_index : 1	tag : 3ff8001c
 hit
L 7ff000370,8
set_index : 2	tag : 3ff8001b
 missindex 0	lru: 2
index 1	lru: 1
 eviction
L 7ff000384,4
set_index : 0	tag : 3ff8001c
 hit
L 7ff00038c,4
set_index : 1	tag : 3ff8001c
 hit
S 00600a64,4
set_index : 0	tag : 30053
 missindex 0	lru: 8
index 1	lru: 1
 eviction
M 7ff000388,4
set_index : 1	tag : 3ff8001c
 hit
set_index : 1	tag : 3ff8001c
 hit
L 7ff000388,4
set_index : 1	tag : 3ff8001c
 hit
L 7ff000384,4
set_index : 0	tag : 3ff8001c
 hit
L 7ff000378,8
set_index : 3	tag : 3ff8001b
 hit
L 7ff000388,4
set_index : 1	tag : 3ff8001c
 hit
L 00600a34,4
set_index : 2	tag : 30051
 hit
S 7ff00038c,4
set_index : 1	tag : 3ff8001c
 hit
L 7ff000388,4
set_index : 1	tag : 3ff8001c
 hit
L 7ff000370,8
set_index : 2	tag : 3ff8001b
 hit
L 7ff000384,4
set_index : 0	tag : 3ff8001c
 hit
L 7ff00038c,4
set_index : 1	tag : 3ff8001c
 hit
S 00600a74,4
set_index : 2	tag : 30053
 missindex 0	lru: 1
index 1	lru: 1
 eviction
M 7ff000388,4
set_index : 1	tag : 3ff8001c
 hit
set_index : 1	tag : 3ff8001c
 hit
L 7ff000388,4
set_index : 1	tag : 3ff8001c
 hit
L 7ff000384,4
set_index : 0	tag : 3ff8001c
 hit
L 7ff000378,8
set_index : 3	tag : 3ff8001b
 hit
L 7ff000388,4
set_index : 1	tag : 3ff8001c
 hit
L 00600a38,4
set_index : 3	tag : 30051
 missindex 0	lru: 9
index 1	lru: 1
 eviction
S 7ff00038c,4
set_index : 1	tag : 3ff8001c
 hit
L 7ff000388,4
set_index : 1	tag : 3ff8001c
 hit
L 7ff000370,8
set_index : 2	tag : 3ff8001b
 missindex 0	lru: 1
index 1	lru: 2
 eviction
L 7ff000384,4
set_index : 0	tag : 3ff8001c
 hit
L 7ff00038c,4
set_index : 1	tag : 3ff8001c
 hit
S 00600a84,4
set_index : 0	tag : 30054
 missindex 0	lru: 5
index 1	lru: 1
 eviction
M 7ff000388,4
set_index : 1	tag : 3ff8001c
 hit
set_index : 1	tag : 3ff8001c
 hit
L 7ff000388,4
set_index : 1	tag : 3ff8001c
 hit
L 7ff000384,4
set_index : 0	tag : 3ff8001c
 hit
L 7ff000378,8
set_index : 3	tag : 3ff8001b
 hit
L 7ff000388,4
set_index : 1	tag : 3ff8001c
 hit
L 00600a3c,4
set_index : 3	tag : 30051
 hit
S 7ff00038c,4
set_index : 1	tag : 3ff8001c
 hit
L 7ff000388,4
set_index : 1	tag : 3ff8001c
 hit
L 7ff000370,8
set_index : 2	tag : 3ff8001b
 hit
L 7ff000384,4
set_index : 0	tag : 3ff8001c
 hit
L 7ff00038c,4
set_index : 1	tag : 3ff8001c
 hit
S 00600a94,4
set_index : 2	tag : 30054
 missindex 0	lru: 3
index 1	lru: 1
 eviction
M 7ff000388,4
set_index : 1	tag : 3ff8001c
 hit
set_index : 1	tag : 3ff8001c
 hit
L 7ff000388,4
set_index : 1	tag : 3ff8001c
 hit
M 7ff000384,4
set_index : 0	tag : 3ff8001c
 hit
set_index : 0	tag : 3ff8001c
 hit
L 7ff000384,4
set_index : 0	tag : 3ff8001c
 hit
S 7ff000388,4
set_index : 1	tag : 3ff8001c
 hit
L 7ff000388,4
set_index : 1	tag : 3ff8001c
 hit
L 7ff000384,4
set_index : 0	tag : 3ff8001c
 hit
L 7ff000378,8
set_index : 3	tag : 3ff8001b
 hit
L 7ff000388,4
set_index : 1	tag : 3ff8001c
 hit
L 00600a40,4
set_index : 0	tag : 30052
 missindex 0	lru: 7
index 1	lru: 1
 eviction
S 7ff00038c,4
set_index : 1	tag : 3ff8001c
 hit
L 7ff000388,4
set_index : 1	tag : 3ff8001c
 hit
L 7ff000370,8
set_index : 2	tag : 3ff8001b
 hit
L 7ff000384,4
set_index : 0	tag : 3ff8001c
 hit
L 7ff00038c,4
set_index : 1	tag : 3ff8001c
 hit
S 00600a68,4
set_index : 1	tag : 30053
 missindex 0	lru: 1
index 1	lru: 1
 eviction
M 7ff000388,4
set_index : 1	tag : 3ff8001c
 missindex 0	lru: 1
index 1	lru: 2
 eviction
set_index : 1	tag : 3ff8001c
 hit
L 7ff000388,4
set_index : 1	tag : 3ff8001c
 hit
L 7ff000384,4
set_index : 0	tag : 3ff8001c
 hit
L 7ff000378,8
set_index : 3	tag : 3ff8001b
 hit
L 7ff000388,4
set_index : 1	tag : 3ff8001c
 hit
L 00600a44,4
set_index : 0	tag : 30052
 hit
S 7ff00038c,4
set_index : 1	tag : 3ff8001c
 hit
L 7ff000388,4
set_index : 1	tag : 3ff8001c
 hit
L 7ff000370,8
set_index : 2	tag : 3ff8001b
 hit
L 7ff000384,4
set_index : 0	tag : 3ff8001c
 hit
L 7ff00038c,4
set_index : 1	tag : 3ff8001c
 hit
S 00600a78,4
set_index : 3	tag : 30053
 missindex 0	lru: 3
index 1	lru: 1
 eviction
M 7ff000388,4
set_index : 1	tag : 3ff8001c
 hit
set_index : 1	tag : 3ff8001c
 hit
L 7ff000388,4
set_index : 1	tag : 3ff8001c
 hit
L 7ff000384,4
set_index : 0	tag : 3ff8001c
 hit
L 7ff000378,8
set_index : 3	tag : 3ff8001b
 hit
L 7ff000388,4
set_index : 1	tag : 3ff8001c
 hit
L 00600a48,4
set_index : 1	tag : 30052
 missindex 0	lru: 12
index 1	lru: 1
 eviction
S 7ff00038c,4
set_index : 1	tag : 3ff8001c
 hit
L 7ff000388,4
set_index : 1	tag : 3ff8001c
 hit
L 7ff000370,8
set_index : 2	tag : 3ff8001b
 hit
L 7ff000384,4
set_index : 0	tag : 3ff8001c
 hit
L 7ff00038c,4
set_index : 1	tag : 3ff8001c
 hit
S 00600a88,4
set_index : 1	tag : 30054
 missindex 0	lru: 4
index 1	lru: 1
 eviction
M 7ff000388,4
set_index : 1	tag : 3ff8001c
 hit
set_index : 1	tag : 3ff8001c
 hit
L 7ff000388,4
set_index : 1	tag : 3ff8001c
 hit
L 7ff000384,4
set_index : 0	tag : 3ff8001c
 hit
L 7ff000378,8
set_index : 3	tag : 3ff8001b
 hit
L 7ff000388,4
set_index : 1	tag : 3ff8001c
 hit
L 00600a4c,4
set_index : 1	tag : 30052
 missindex 0	lru: 5
index 1	lru: 1
 eviction
S 7ff00038c,4
set_index : 1	tag : 3ff8001c
 hit
L 7ff000388,4
set_index : 1	tag : 3ff8001c
 hit
L 7ff000370,8
set_index : 2	tag : 3ff8001b
 hit
L 7ff000384,4
set_index : 0	tag : 3ff8001c
 hit
L 7ff00038c,4
set_index : 1	tag : 3ff8001c
 hit
S 00600a98,4
set_index : 3	tag : 30054
 missindex 0	lru: 3
index 1	lru: 1
 eviction
M 7ff000388,4
set_index : 1	tag : 3ff8001c
 hit
set_index : 1	tag : 3ff8001c
 hit
L 7ff000388,4
set_index : 1	tag : 3ff8001c
 hit
M 7ff000384,4
set_index : 0	tag : 3ff8001c
 hit
set_index : 0	tag : 3ff8001c
 hit
L 7ff000384,4
set_index : 0	tag : 3ff8001c
 hit
S 7ff000388,4
set_index : 1	tag : 3ff8001c
 hit
L 7ff000388,4
set_index : 1	tag : 3ff8001c
 hit
L 7ff000384,4
set_index : 0	tag : 3ff8001c
 hit
L 7ff000378,8
set_index : 3	tag : 3ff8001b
 hit
L 7ff000388,4
set_index : 1	tag : 3ff8001c
 hit
L 00600a50,4
set_index : 2	tag : 30052
 missindex 0	lru: 5
index 1	lru: 1
 eviction
S 7ff00038c,4
set_index : 1	tag : 3ff8001c
 hit
L 7ff000388,4
set_index : 1	tag : 3ff8001c
 hit
L 7ff000370,8
set_index : 2	tag : 3ff8001b
 hit
L 7ff000384,4
set_index : 0	tag : 3ff8001c
 hit
L 7ff00038c,4
set_index : 1	tag : 3ff8001c
 hit
S 00600a6c,4
set_index : 1	tag : 30053
 missindex 0	lru: 13
index 1	lru: 1
 eviction
M 7ff000388,4
set_index : 1	tag : 3ff8001c
 hit
set_index : 1	tag : 3ff8001c
 hit
L 7ff000388,4
set_index : 1	tag : 3ff8001c
 hit
L 7ff000384,4
set_index : 0	tag : 3ff8001c
 hit
L 7ff000378,8
set_index : 3	tag : 3ff8001b
 hit
L 7ff000388,4
set_index : 1	tag : 3ff8001c
 hit
L 00600a54,4
set_index : 2	tag : 30052
 hit
S 7ff00038c,4
set_index : 1	tag : 3ff8001c
 hit
L 7ff000388,4
set_index : 1	tag : 3ff8001c
 hit
L 7ff000370,8
set_index : 2	tag : 3ff8001b
 hit
L 7ff000384,4
set_index : 0	tag : 3ff8001c
 hit
L 7ff00038c,4
set_index : 1	tag : 3ff8001c
 hit
S 00600a7c,4
set_index : 3	tag : 30053
 missindex 0	lru: 3
index 1	lru: 1
 eviction
M 7ff000388,4
set_index : 1	tag : 3ff8001c
 hit
set_index : 1	tag : 3ff8001c
 hit
L 7ff000388,4
set_index : 1	tag : 3ff8001c
 hit
L 7ff000384,4
set_index : 0	tag : 3ff8001c
 hit
L 7ff000378,8
set_index : 3	tag : 3ff8001b
 hit
L 7ff000388,4
set_index : 1	tag : 3ff8001c
 hit
L 00600a58,4
set_index : 3	tag : 30052
 missindex 0	lru: 2
index 1	lru: 1
 eviction
S 7ff00038c,4
set_index : 1	tag : 3ff8001c
 hit
L 7ff000388,4
set_index : 1	tag : 3ff8001c
 hit
L 7ff000370,8
set_index : 2	tag : 3ff8001b
 hit
L 7ff000384,4
set_index : 0	tag : 3ff8001c
 hit
L 7ff00038c,4
set_index : 1	tag : 3ff8001c
 hit
S 00600a8c,4
set_index : 1	tag : 30054
 missindex 0	lru: 15
index 1	lru: 1
 eviction
M 7ff000388,4
set_index : 1	tag : 3ff8001c
 hit
set_index : 1	tag : 3ff8001c
 hit
L 7ff000388,4
set_index : 1	tag : 3ff8001c
 hit
L 7ff000384,4
set_index : 0	tag : 3ff8001c
 hit
L 7ff000378,8
set_index : 3	tag : 3ff8001b
 hit
L 7ff000388,4
set_index : 1	tag : 3ff8001c
 hit
L 00600a5c,4
set_index : 3	tag : 30052
 hit
S 7ff00038c,4
set_index : 1	tag : 3ff8001c
 hit
L 7ff000388,4
set_index : 1	tag : 3ff8001c
 hit
L 7ff000370,8
set_index : 2	tag : 3ff8001b
 hit
L 7ff000384,4
set_index : 0	tag : 3ff8001c
 hit
L 7ff00038c,4
set_index : 1	tag : 3ff8001c
 hit
S 00600a9c,4
set_index : 3	tag : 30054
 missindex 0	lru: 1
index 1	lru: 1
 eviction
M 7ff000388,4
set_index : 1	tag : 3ff8001c
 hit
set_index : 1	tag : 3ff8001c
 hit
L 7ff000388,4
set_index : 1	tag : 3ff8001c
 hit
M 7ff000384,4
set_index : 0	tag : 3ff8001c
 hit
set_index : 0	tag : 3ff8001c
 hit
L 7ff000384,4
set_index : 0	tag : 3ff8001c
 hit
L 7ff000390,8
set_index : 2	tag : 3ff8001c
 missindex 0	lru: 4
index 1	lru: 1
 eviction
L 7ff000398,8
set_index : 3	tag : 3ff8001c
 missindex 0	lru: 1
index 1	lru: 2
 eviction
L 00600aa0,1
set_index : 0	tag : 30055
 missindex 0	lru: 20
index 1	lru: 1
 eviction
hits:199 misses:39 evictions:31
